2022-03-08 17:24:51 INFO  QuestionAspect:46 - List spring.question.QuestionController.getQuestion()
2022-03-08 17:32:14 INFO  QuestionAspect:46 - List spring.question.QuestionController.getQuestion()
2022-03-08 17:34:03 INFO  QuestionAspect:46 - List spring.question.QuestionController.getQuestion()
2022-03-08 17:41:42 INFO  QuestionAspect:46 - List spring.question.QuestionController.getQuestion()
2022-03-08 17:46:43 INFO  QuestionAspect:46 - List spring.question.QuestionController.getQuestion()
2022-03-08 17:53:48 INFO  QuizAspect:46 - List spring.quiz.QuizController.getQuiz()
2022-03-08 20:32:07 INFO  QuizAspect:46 - List spring.quiz.QuizController.getQuiz()
2022-03-08 20:32:30 INFO  QuizAspect:46 - List spring.quiz.QuizController.getQuiz()
2022-03-08 22:29:22 INFO  QuestionAspect:46 - List spring.question.QuestionController.getQuestion()
2022-03-08 22:29:40 INFO  PlayerAspect:46 - List spring.player.PlayerController.getPlayer()
2022-03-08 22:29:50 INFO  QuizAspect:46 - List spring.quiz.QuizController.getQuiz()
2022-03-08 22:33:16 INFO  QuizAspect:46 - List spring.quiz.QuizController.getQuiz()
2022-03-08 22:43:56 INFO  QuizAspect:46 - List spring.quiz.QuizController.getQuiz()
2022-03-08 22:51:06 INFO  QuestionAspect:46 - List spring.question.QuestionController.getQuestion()
2022-03-08 22:54:19 INFO  PlayerAspect:46 - List spring.player.PlayerController.getPlayer()
2022-03-08 22:59:54 INFO  QuestionAspect:46 - List spring.question.QuestionController.getQuestion()
2022-03-08 23:00:04 INFO  QuizAspect:46 - List spring.quiz.QuizController.getQuiz()
2022-03-08 23:00:15 INFO  PlayerAspect:46 - List spring.player.PlayerController.getPlayer()
2022-03-09 00:55:34 INFO  QuestionAspect:46 - List spring.question.QuestionController.getQuestion()
2022-03-09 00:56:05 INFO  QuestionAspect:46 - List spring.question.QuestionController.getQuestion()
2022-03-09 00:56:15 INFO  QuestionAspect:46 - List spring.question.QuestionController.getQuestion()
2022-03-09 00:57:16 INFO  QuestionAspect:46 - List spring.question.QuestionController.getQuestion()
2022-03-09 00:59:21 INFO  QuestionAspect:46 - List spring.question.QuestionController.getQuestion()
2022-03-09 01:04:05 INFO  QuizAspect:46 - List spring.quiz.QuizController.getQuiz()
2022-03-09 01:05:10 INFO  QuizAspect:46 - List spring.quiz.QuizController.getQuiz()
2022-03-09 12:39:32 INFO  QuestionAspect:46 - List spring.question.QuestionController.getQuestion()
2022-03-09 12:39:43 INFO  QuizAspect:46 - List spring.quiz.QuizController.getQuiz()
2022-03-09 12:39:54 INFO  PlayerAspect:46 - List spring.player.PlayerController.getPlayer()
2022-03-09 12:41:51 INFO  QuizAspect:46 - List spring.quiz.QuizController.getQuiz()
2022-03-09 17:01:02 INFO  QuestionAspect:46 - List spring.question.QuestionController.getQuestion()
2022-03-10 09:05:16 INFO  QuestionAspect:46 - List spring.question.QuestionController.getQuestion()
2022-03-10 09:06:24 INFO  QuestionAspect:46 - List spring.question.QuestionController.getQuestion()
2022-03-10 09:09:58 INFO  QuestionAspect:46 - List spring.question.QuestionController.getQuestion()
2022-03-10 09:10:09 INFO  QuizAspect:46 - List spring.quiz.QuizController.getQuiz()
2022-03-10 09:16:53 INFO  QuestionAspect:46 - List spring.question.QuestionController.getQuestion()
2022-03-10 09:19:59 INFO  QuestionAspect:46 - List spring.question.QuestionController.getQuestion()
2022-03-10 09:22:17 INFO  QuestionAspect:46 - Question spring.question.QuestionController.getQuestionByText(String)
2022-03-10 09:23:00 INFO  QuestionAspect:46 - Question spring.question.QuestionController.getQuestionByText(String)
2022-03-10 10:15:55 INFO  QuestionAspect:46 - List spring.question.QuestionController.getQuestion()
2022-03-10 10:46:56 INFO  QuestionAspect:46 - List spring.question.QuestionController.getQuestion()
2022-03-10 10:49:10 INFO  QuestionAspect:46 - Question spring.question.QuestionController.getQuestionByText(String)
2022-03-10 10:50:14 INFO  QuestionAspect:46 - List spring.question.QuestionController.getQuestion()
2022-03-10 10:51:35 INFO  QuestionAspect:46 - Question spring.question.QuestionController.getQuestionByText(String)
2022-03-10 10:51:45 INFO  QuestionAspect:46 - Question spring.question.QuestionController.getQuestionByText(String)
2022-03-10 10:51:54 INFO  QuestionAspect:46 - Question spring.question.QuestionController.getQuestionByText(String)
2022-03-10 10:51:59 INFO  QuestionAspect:46 - Question spring.question.QuestionController.getQuestionByText(String)
2022-03-10 10:54:38 INFO  QuestionAspect:46 - List spring.question.QuestionController.getQuestion()
2022-03-10 10:55:08 INFO  QuestionAspect:46 - List spring.question.QuestionController.getQuestion()
2022-03-10 11:01:41 INFO  QuestionAspect:46 - List spring.question.QuestionController.getQuestion()
2022-03-10 11:03:13 INFO  QuestionAspect:46 - List spring.question.QuestionController.getQuestion()
2022-03-10 11:03:33 INFO  QuestionAspect:46 - List spring.question.QuestionController.getQuestionByID(int)
2022-03-10 11:07:17 INFO  QuestionAspect:46 - List spring.question.QuestionController.getQuestion()
2022-03-10 11:11:42 INFO  QuestionAspect:46 - List spring.question.QuestionController.getQuestion()
2022-03-10 11:19:40 INFO  QuestionAspect:46 - List spring.question.QuestionController.getQuestion()
2022-03-10 11:20:01 INFO  QuestionAspect:46 - List spring.question.QuestionController.getQuestion()
2022-03-10 11:24:09 INFO  QuestionAspect:46 - List spring.question.QuestionController.getQuestion()
2022-03-10 11:24:44 INFO  QuestionAspect:46 - List spring.question.QuestionController.getQuestionByID(int)
2022-03-10 11:25:00 INFO  QuestionAspect:46 - List spring.question.QuestionController.getQuestionByID(int)
2022-03-10 11:25:10 INFO  QuestionAspect:46 - List spring.question.QuestionController.getQuestion()
2022-03-10 11:39:45 INFO  QuizAspect:46 - List spring.quiz.QuizController.getQuiz()
2022-03-10 11:40:39 INFO  QuizAspect:46 - List spring.quiz.QuizController.getQuiz()
2022-03-10 11:47:23 INFO  PlayerAspect:46 - List spring.player.PlayerController.getPlayer()
2022-03-10 13:09:14 INFO  PlayerAspect:46 - List spring.player.PlayerController.getPlayer()
2022-03-10 13:35:44 INFO  PlayerAspect:46 - List spring.player.PlayerController.getPlayer()
2022-03-10 14:57:40 INFO  QuizAspect:46 - List spring.quiz.QuizController.getQuiz()
2022-03-10 15:05:45 INFO  QuizAspect:46 - List spring.quiz.QuizController.getQuiz()
2022-03-10 15:07:01 INFO  PlayerAspect:46 - List spring.player.PlayerController.getPlayer()
2022-03-10 15:07:01 INFO  ScoreAspect:46 - List spring.player.PlayerController.getPlayer()
2022-03-10 15:07:19 INFO  QuizAspect:46 - List spring.quiz.QuizController.getQuiz()
2022-03-10 15:07:30 INFO  QuestionAspect:46 - List spring.question.QuestionController.getQuestion()
2022-03-10 15:12:10 INFO  PlayerAspect:46 - List spring.player.PlayerController.getPlayer()
2022-03-10 15:12:10 INFO  ScoreAspect:46 - List spring.player.PlayerController.getPlayer()
2022-03-10 15:15:17 INFO  PlayerAspect:46 - List spring.player.PlayerController.getPlayer()
2022-03-10 15:15:17 INFO  ScoreAspect:46 - List spring.player.PlayerController.getPlayer()
2022-03-10 15:50:28 INFO  PlayerAspect:46 - List spring.player.PlayerController.getPlayer()
2022-03-10 15:50:28 INFO  ScoreAspect:46 - List spring.player.PlayerController.getPlayer()
2022-03-10 15:50:41 INFO  QuizAspect:46 - List spring.quiz.QuizController.getQuiz()
2022-03-10 15:50:53 INFO  QuestionAspect:46 - List spring.question.QuestionController.getQuestion()
2022-03-10 15:53:51 INFO  QuizAspect:46 - List spring.quiz.QuizController.getQuiz()
2022-03-10 15:54:20 INFO  QuizAspect:46 - List spring.quiz.QuizController.getQuiz()
2022-03-10 15:55:41 INFO  PlayerAspect:46 - List spring.player.PlayerController.getPlayer()
2022-03-10 15:55:41 INFO  ScoreAspect:46 - List spring.player.PlayerController.getPlayer()
2022-03-10 16:54:34 INFO  PlayerAspect:46 - List spring.player.PlayerController.getPlayer()
2022-03-10 16:54:35 INFO  ScoreAspect:46 - List spring.player.PlayerController.getPlayer()
2022-03-10 16:56:40 INFO  PlayerAspect:46 - List spring.player.PlayerController.getPlayer()
2022-03-10 16:56:40 INFO  ScoreAspect:46 - List spring.player.PlayerController.getPlayer()
2022-03-10 17:00:01 INFO  QuizAspect:46 - List spring.quiz.QuizController.getQuiz()
2022-03-10 17:01:31 INFO  PlayerAspect:46 - List spring.player.PlayerController.getPlayer()
2022-03-10 17:01:31 INFO  ScoreAspect:46 - List spring.player.PlayerController.getPlayer()
